COMMAND: samtools markdup -@ 12 -s siBRG1_1.csort.bam siBRG1_1.markdup.bam
READ: 117542084
WRITTEN: 117542084
EXCLUDED: 0
EXAMINED: 117542084
PAIRED: 116643342
SINGLE: 898742
DUPLICATE PAIR: 95525496
DUPLICATE SINGLE: 592738
DUPLICATE PAIR OPTICAL: 0
DUPLICATE SINGLE OPTICAL: 0
DUPLICATE NON PRIMARY: 0
DUPLICATE NON PRIMARY OPTICAL: 0
DUPLICATE PRIMARY TOTAL: 96118234
DUPLICATE TOTAL: 96118234
ESTIMATED_LIBRARY_SIZE: 10602213

COMMAND: samtools markdup -@ 12 -s siBRG1_2.csort.bam siBRG1_2.markdup.bam
READ: 116677736
WRITTEN: 116677736
EXCLUDED: 0
EXAMINED: 116677736
PAIRED: 116001694
SINGLE: 676042
DUPLICATE PAIR: 96815876
DUPLICATE SINGLE: 432096
DUPLICATE PAIR OPTICAL: 0
DUPLICATE SINGLE OPTICAL: 0
DUPLICATE NON PRIMARY: 0
DUPLICATE NON PRIMARY OPTICAL: 0
DUPLICATE PRIMARY TOTAL: 97247972
DUPLICATE TOTAL: 97247972
ESTIMATED_LIBRARY_SIZE: 9616000

COMMAND: samtools markdup -@ 12 -s siC_1.csort.bam siC_1.markdup.bam
READ: 62302361
WRITTEN: 62302361
EXCLUDED: 0
EXAMINED: 62302361
PAIRED: 61678582
SINGLE: 623779
DUPLICATE PAIR: 43805320
DUPLICATE SINGLE: 412793
DUPLICATE PAIR OPTICAL: 0
DUPLICATE SINGLE OPTICAL: 0
DUPLICATE NON PRIMARY: 0
DUPLICATE NON PRIMARY OPTICAL: 0
DUPLICATE PRIMARY TOTAL: 44218113
DUPLICATE TOTAL: 44218113
ESTIMATED_LIBRARY_SIZE: 9269410

COMMAND: samtools markdup -@ 12 -s siC_2.csort.bam siC_2.markdup.bam
READ: 102392091
WRITTEN: 102392091
EXCLUDED: 0
EXAMINED: 102392091
PAIRED: 101363026
SINGLE: 1029065
DUPLICATE PAIR: 71579756
DUPLICATE SINGLE: 659671
DUPLICATE PAIR OPTICAL: 0
DUPLICATE SINGLE OPTICAL: 0
DUPLICATE NON PRIMARY: 0
DUPLICATE NON PRIMARY OPTICAL: 0
DUPLICATE PRIMARY TOTAL: 72239427
DUPLICATE TOTAL: 72239427
ESTIMATED_LIBRARY_SIZE: 15477168

COMMAND: samtools markdup -@ 12 -s siC_3.csort.bam siC_3.markdup.bam
READ: 115603809
WRITTEN: 115603809
EXCLUDED: 0
EXAMINED: 115603809
PAIRED: 114433808
SINGLE: 1170001
DUPLICATE PAIR: 83717406
DUPLICATE SINGLE: 758069
DUPLICATE PAIR OPTICAL: 0
DUPLICATE SINGLE OPTICAL: 0
DUPLICATE NON PRIMARY: 0
DUPLICATE NON PRIMARY OPTICAL: 0
DUPLICATE PRIMARY TOTAL: 84475475
DUPLICATE TOTAL: 84475475
ESTIMATED_LIBRARY_SIZE: 15778106

COMMAND: samtools markdup -@ 12 -s siC_RNH.csort.bam siC_RNH.markdup.bam
READ: 41541331
WRITTEN: 41541331
EXCLUDED: 0
EXAMINED: 41541331
PAIRED: 41186398
SINGLE: 354933
DUPLICATE PAIR: 12656564
DUPLICATE SINGLE: 161974
DUPLICATE PAIR OPTICAL: 0
DUPLICATE SINGLE OPTICAL: 0
DUPLICATE NON PRIMARY: 0
DUPLICATE NON PRIMARY OPTICAL: 0
DUPLICATE PRIMARY TOTAL: 12818538
DUPLICATE TOTAL: 12818538
ESTIMATED_LIBRARY_SIZE: 26217783

COMMAND: samtools markdup -@ 12 -s siUAP56_1.csort.bam siUAP56_1.markdup.bam
READ: 146863764
WRITTEN: 146863764
EXCLUDED: 0
EXAMINED: 146863764
PAIRED: 144857416
SINGLE: 2006348
DUPLICATE PAIR: 107608788
DUPLICATE SINGLE: 1559835
DUPLICATE PAIR OPTICAL: 0
DUPLICATE SINGLE OPTICAL: 0
DUPLICATE NON PRIMARY: 0
DUPLICATE NON PRIMARY OPTICAL: 0
DUPLICATE PRIMARY TOTAL: 109168623
DUPLICATE TOTAL: 109168623
ESTIMATED_LIBRARY_SIZE: 19049565

COMMAND: samtools markdup -@ 12 -s siUAP56_2.csort.bam siUAP56_2.markdup.bam
READ: 139018615
WRITTEN: 139018615
EXCLUDED: 0
EXAMINED: 139018615
PAIRED: 137248422
SINGLE: 1770193
DUPLICATE PAIR: 93587596
DUPLICATE SINGLE: 1312315
DUPLICATE PAIR OPTICAL: 0
DUPLICATE SINGLE OPTICAL: 0
DUPLICATE NON PRIMARY: 0
DUPLICATE NON PRIMARY OPTICAL: 0
DUPLICATE PRIMARY TOTAL: 94899911
DUPLICATE TOTAL: 94899911
ESTIMATED_LIBRARY_SIZE: 22992959

COMMAND: samtools markdup -@ 12 -s siUAP56_RNH.csort.bam siUAP56_RNH.markdup.bam
READ: 37952685
WRITTEN: 37952685
EXCLUDED: 0
EXAMINED: 37952685
PAIRED: 37656648
SINGLE: 296037
DUPLICATE PAIR: 13399526
DUPLICATE SINGLE: 130297
DUPLICATE PAIR OPTICAL: 0
DUPLICATE SINGLE OPTICAL: 0
DUPLICATE NON PRIMARY: 0
DUPLICATE NON PRIMARY OPTICAL: 0
DUPLICATE PRIMARY TOTAL: 13529823
DUPLICATE TOTAL: 13529823
ESTIMATED_LIBRARY_SIZE: 19714759

